<?xml version="1.0" encoding="UTF-8" ?>
<testsuite tests="3" failures="0" name="com.foreignstep.hibernatedemo.test.FacultyDaoTest" time="16.315" errors="0"
           skipped="2">
    <properties>
[...]
</properties>
    <testcase classname="com.foreignstep.hibernatedemo.test.FacultyDaoTest" name="testRetrieve_String" time="0.193">
        <skipped/>
    </testcase>
    <testcase classname="com.foreignstep.hibernatedemo.test.FacultyDaoTest" name="testRetrieve_0args" time="0.193">
        <skipped/>
    </testcase>
    <testcase classname="com.foreignstep.hibernatedemo.test.FacultyDaoTest" name="testCreate" time="15.929"/>
</testsuite>